2024-10-02T09:13:45.857-07:00  INFO 49518 --- [scoredb] [main] com.actech.scoredb.ScoredbApplication    : Starting ScoredbApplication using Java 21.0.1 with PID 49518 (/Users/jless/SpringBootFun/ScoreDb/scoredb/target/classes started by jless in /Users/jless/SpringBootFun/ScoreDb/scoredb)
2024-10-02T09:13:45.858-07:00  INFO 49518 --- [scoredb] [main] com.actech.scoredb.ScoredbApplication    : No active profile set, falling back to 1 default profile: "default"
2024-10-02T09:13:46.219-07:00  INFO 49518 --- [scoredb] [main] o.s.b.w.embedded.tomcat.TomcatWebServer  : Tomcat initialized with port 8085 (http)
2024-10-02T09:13:46.227-07:00  INFO 49518 --- [scoredb] [main] o.apache.catalina.core.StandardService   : Starting service [Tomcat]
2024-10-02T09:13:46.227-07:00  INFO 49518 --- [scoredb] [main] o.apache.catalina.core.StandardEngine    : Starting Servlet engine: [Apache Tomcat/10.1.30]
2024-10-02T09:13:46.251-07:00  INFO 49518 --- [scoredb] [main] o.a.c.c.C.[Tomcat].[localhost].[/]       : Initializing Spring embedded WebApplicationContext
2024-10-02T09:13:46.252-07:00  INFO 49518 --- [scoredb] [main] w.s.c.ServletWebServerApplicationContext : Root WebApplicationContext: initialization completed in 373 ms
2024-10-02T09:13:46.384-07:00  INFO 49518 --- [scoredb] [main] o.s.b.w.embedded.tomcat.TomcatWebServer  : Tomcat started on port 8085 (http) with context path '/'
2024-10-02T09:13:46.388-07:00  INFO 49518 --- [scoredb] [main] com.actech.scoredb.ScoredbApplication    : Started ScoredbApplication in 0.713 seconds (process running for 0.859)
2024-10-02T09:14:10.662-07:00  INFO 49518 --- [scoredb] [http-nio-8085-exec-1] o.a.c.c.C.[Tomcat].[localhost].[/]       : Initializing Spring DispatcherServlet 'dispatcherServlet'
2024-10-02T09:14:10.662-07:00  INFO 49518 --- [scoredb] [http-nio-8085-exec-1] o.s.web.servlet.DispatcherServlet        : Initializing Servlet 'dispatcherServlet'
2024-10-02T09:14:10.663-07:00  INFO 49518 --- [scoredb] [http-nio-8085-exec-1] o.s.web.servlet.DispatcherServlet        : Completed initialization in 1 ms
2024-10-02T09:14:51.467-07:00  INFO 49518 --- [scoredb] [http-nio-8085-exec-3] com.actech.scoredb.ScoredbApplication    : XAC : in default endpoint
2024-10-02T09:14:58.837-07:00  INFO 49518 --- [scoredb] [http-nio-8085-exec-5] com.actech.scoredb.ScoredbApplication    : XAC : in /test endpoint
2024-10-02T09:15:06.061-07:00  INFO 49518 --- [scoredb] [http-nio-8085-exec-6] com.actech.scoredb.ScoredbApplication    : XAC : in default endpoint
2024-10-02T09:42:23.851-07:00  INFO 63344 --- [scoredb] [main] com.actech.scoredb.ScoredbApplication    : Starting ScoredbApplication using Java 21.0.1 with PID 63344 (/Users/jless/SpringBootFun/ScoreDb/scoredb/target/classes started by jless in /Users/jless/SpringBootFun/ScoreDb/scoredb)
2024-10-02T09:42:23.851-07:00  INFO 63344 --- [scoredb] [main] com.actech.scoredb.ScoredbApplication    : No active profile set, falling back to 1 default profile: "default"
2024-10-02T09:42:24.230-07:00  INFO 63344 --- [scoredb] [main] o.s.b.w.embedded.tomcat.TomcatWebServer  : Tomcat initialized with port 8085 (http)
2024-10-02T09:42:24.238-07:00  INFO 63344 --- [scoredb] [main] o.apache.catalina.core.StandardService   : Starting service [Tomcat]
2024-10-02T09:42:24.239-07:00  INFO 63344 --- [scoredb] [main] o.apache.catalina.core.StandardEngine    : Starting Servlet engine: [Apache Tomcat/10.1.30]
2024-10-02T09:42:24.265-07:00  INFO 63344 --- [scoredb] [main] o.a.c.c.C.[Tomcat].[localhost].[/]       : Initializing Spring embedded WebApplicationContext
2024-10-02T09:42:24.265-07:00  INFO 63344 --- [scoredb] [main] w.s.c.ServletWebServerApplicationContext : Root WebApplicationContext: initialization completed in 390 ms
2024-10-02T09:42:24.409-07:00  INFO 63344 --- [scoredb] [main] o.s.b.w.embedded.tomcat.TomcatWebServer  : Tomcat started on port 8085 (http) with context path '/'
2024-10-02T09:42:24.413-07:00  INFO 63344 --- [scoredb] [main] com.actech.scoredb.ScoredbApplication    : Started ScoredbApplication in 0.752 seconds (process running for 0.906)
2024-10-02T09:42:45.866-07:00  INFO 63344 --- [scoredb] [http-nio-8085-exec-1] o.a.c.c.C.[Tomcat].[localhost].[/]       : Initializing Spring DispatcherServlet 'dispatcherServlet'
2024-10-02T09:42:45.866-07:00  INFO 63344 --- [scoredb] [http-nio-8085-exec-1] o.s.web.servlet.DispatcherServlet        : Initializing Servlet 'dispatcherServlet'
2024-10-02T09:42:45.868-07:00  INFO 63344 --- [scoredb] [http-nio-8085-exec-1] o.s.web.servlet.DispatcherServlet        : Completed initialization in 2 ms
2024-10-02T09:42:48.752-07:00  INFO 63344 --- [scoredb] [http-nio-8085-exec-3] com.actech.scoredb.ScoredbApplication    : XAC : in default endpoint
2024-10-02T09:42:54.745-07:00  INFO 63344 --- [scoredb] [http-nio-8085-exec-4] com.actech.scoredb.ScoredbApplication    : XAC : in /test endpoint
2024-10-02T09:43:06.837-07:00  INFO 63344 --- [scoredb] [http-nio-8085-exec-5] com.actech.scoredb.ScoredbApplication    : XAC : in default endpoint
2024-10-02T09:44:12.928-07:00  INFO 64256 --- [scoredb] [main] com.actech.scoredb.ScoredbApplication    : Starting ScoredbApplication using Java 21.0.1 with PID 64256 (/Users/jless/SpringBootFun/ScoreDb/scoredb/target/classes started by jless in /Users/jless/SpringBootFun/ScoreDb/scoredb)
2024-10-02T09:44:12.929-07:00  INFO 64256 --- [scoredb] [main] com.actech.scoredb.ScoredbApplication    : No active profile set, falling back to 1 default profile: "default"
2024-10-02T09:44:13.290-07:00  INFO 64256 --- [scoredb] [main] o.s.b.w.embedded.tomcat.TomcatWebServer  : Tomcat initialized with port 8085 (http)
2024-10-02T09:44:13.298-07:00  INFO 64256 --- [scoredb] [main] o.apache.catalina.core.StandardService   : Starting service [Tomcat]
2024-10-02T09:44:13.298-07:00  INFO 64256 --- [scoredb] [main] o.apache.catalina.core.StandardEngine    : Starting Servlet engine: [Apache Tomcat/10.1.30]
2024-10-02T09:44:13.325-07:00  INFO 64256 --- [scoredb] [main] o.a.c.c.C.[Tomcat].[localhost].[/]       : Initializing Spring embedded WebApplicationContext
2024-10-02T09:44:13.326-07:00  INFO 64256 --- [scoredb] [main] w.s.c.ServletWebServerApplicationContext : Root WebApplicationContext: initialization completed in 375 ms
2024-10-02T09:44:13.476-07:00  INFO 64256 --- [scoredb] [main] o.s.b.w.embedded.tomcat.TomcatWebServer  : Tomcat started on port 8085 (http) with context path '/'
2024-10-02T09:44:13.479-07:00  INFO 64256 --- [scoredb] [main] com.actech.scoredb.ScoredbApplication    : Started ScoredbApplication in 0.74 seconds (process running for 0.884)
2024-10-02T09:45:49.954-07:00  INFO 65309 --- [scoredb] [main] com.actech.scoredb.ScoredbApplication    : Starting ScoredbApplication using Java 21.0.1 with PID 65309 (/Users/jless/SpringBootFun/ScoreDb/scoredb/target/classes started by jless in /Users/jless/SpringBootFun/ScoreDb/scoredb)
2024-10-02T09:45:49.955-07:00  INFO 65309 --- [scoredb] [main] com.actech.scoredb.ScoredbApplication    : No active profile set, falling back to 1 default profile: "default"
2024-10-02T09:45:50.312-07:00  INFO 65309 --- [scoredb] [main] o.s.b.w.embedded.tomcat.TomcatWebServer  : Tomcat initialized with port 8085 (http)
2024-10-02T09:45:50.321-07:00  INFO 65309 --- [scoredb] [main] o.apache.catalina.core.StandardService   : Starting service [Tomcat]
2024-10-02T09:45:50.321-07:00  INFO 65309 --- [scoredb] [main] o.apache.catalina.core.StandardEngine    : Starting Servlet engine: [Apache Tomcat/10.1.30]
2024-10-02T09:45:50.344-07:00  INFO 65309 --- [scoredb] [main] o.a.c.c.C.[Tomcat].[localhost].[/]       : Initializing Spring embedded WebApplicationContext
2024-10-02T09:45:50.344-07:00  INFO 65309 --- [scoredb] [main] w.s.c.ServletWebServerApplicationContext : Root WebApplicationContext: initialization completed in 369 ms
2024-10-02T09:45:50.490-07:00  INFO 65309 --- [scoredb] [main] o.s.b.w.embedded.tomcat.TomcatWebServer  : Tomcat started on port 8085 (http) with context path '/'
2024-10-02T09:45:50.494-07:00  INFO 65309 --- [scoredb] [main] com.actech.scoredb.ScoredbApplication    : Started ScoredbApplication in 0.723 seconds (process running for 0.878)
2024-10-02T09:45:56.634-07:00  INFO 65309 --- [scoredb] [http-nio-8085-exec-1] o.a.c.c.C.[Tomcat].[localhost].[/]       : Initializing Spring DispatcherServlet 'dispatcherServlet'
2024-10-02T09:45:56.634-07:00  INFO 65309 --- [scoredb] [http-nio-8085-exec-1] o.s.web.servlet.DispatcherServlet        : Initializing Servlet 'dispatcherServlet'
2024-10-02T09:45:56.635-07:00  INFO 65309 --- [scoredb] [http-nio-8085-exec-1] o.s.web.servlet.DispatcherServlet        : Completed initialization in 1 ms
2024-10-02T09:45:56.656-07:00  INFO 65309 --- [scoredb] [http-nio-8085-exec-1] com.actech.scoredb.ScoredbApplication    : XAC : in default endpoint
2024-10-02T09:46:00.948-07:00  INFO 65309 --- [scoredb] [http-nio-8085-exec-3] com.actech.scoredb.ScoredbApplication    : XAC : in /test endpoint
